Exporter version: 2.93.4, Blender version: 2.93.6
========= Conversion from Blender to Babylon.js =========
	Scene settings used :
		Inline textures     :  false
		Material Type       :  PBR
		Positions Precision :  4
		Normals Precision   :  3
		UVs Precision       :  3
		Vert Color Precision:  3
		Mat Weight Precision:  2
		Keep Z-up r-handed  :  no
		Texture directory   :  /home/xuc/Téléchargements/
	Python World class constructor completed
	processing begun of camera (UniversalCamera):  Camera
	processing begun of mesh:  Etoile
		processing begun of material:  Light_Tore.003
			WARNING: unsupported node type(ShaderNodeTexVoronoi) will trigger baking
			WARNING: unsupported node type(ShaderNodeValToRGB) will trigger baking
			WARNING: unsupported node type(ShaderNodeTexNoise) will trigger baking
			WARNING: unsupported node type(ShaderNodeLayerWeight) will trigger baking
			WARNING: unsupported node type(ShaderNodeRGBCurve) will trigger baking
			WARNING: unsupported node type(ShaderNodeTexNoise) will trigger baking
			WARNING: unsupported node type(ShaderNodeLayerWeight) will trigger baking
			WARNING: unsupported node type(ShaderNodeRGBCurve) will trigger baking
			WARNING: unsupported node type(ShaderNodeMixRGB) will trigger baking
			Baking texture, type: EMIT, mapped using: UVMap
			processing texture Etoile_baked_EMIT
				texture type:  emissiveTexture, mapped using: "UVMap"
			emissive channel baked
			bake time:  1 min, 8.6349 secs
		num positions      :  2204
		num normals        :  2204
		num tangents       :  0
		num uvs            :  4408
		num uvs2           :  0
		num colors         :  0
		num triangles      :  3968
	processing begun of mesh:  Etoile.001
		processing begun of material:  Light_Tore.001
			WARNING: unsupported node type(ShaderNodeTexNoise) will trigger baking
			WARNING: unsupported node type(ShaderNodeLayerWeight) will trigger baking
			WARNING: unsupported node type(ShaderNodeRGBCurve) will trigger baking
			WARNING: unsupported node type(ShaderNodeTexNoise) will trigger baking
			WARNING: unsupported node type(ShaderNodeLayerWeight) will trigger baking
			WARNING: unsupported node type(ShaderNodeRGBCurve) will trigger baking
			WARNING: unsupported node type(ShaderNodeMixRGB) will trigger baking
			Baking texture, type: EMIT, mapped using: UVMap
			processing texture Etoile_001_baked_EMIT
				texture type:  emissiveTexture, mapped using: "UVMap"
			emissive channel baked
			bake time:  0 min, 24.5116 secs
		num positions      :  2204
		num normals        :  2204
		num tangents       :  0
		num uvs            :  4408
		num uvs2           :  0
		num colors         :  0
		num triangles      :  3968
========= Writing of JSON file started =========
	writing mesh:  Etoile
	writing mesh:  Etoile.001
========= Writing of JSON file completed =========
========= end of processing =========
elapsed time:  1 min, 34.0457 secs
